This is pdfTeX, Version 3.14159265-2.6-1.40.15 (TeX Live 2014) (preloaded format=pdflatex 2014.5.25)  5 FEB 2015 13:47
entering extended mode
 restricted \write18 enabled.
 %&-line parsing enabled.
**hw2.tex
(./hw2.tex
LaTeX2e <2014/05/01>
Babel <3.9k> and hyphenation patterns for 78 languages loaded.
(/usr/local/texlive/2014/texmf-dist/tex/latex/base/article.cls
Document Class: article 2007/10/19 v1.4h Standard LaTeX document class
(/usr/local/texlive/2014/texmf-dist/tex/latex/base/size11.clo
File: size11.clo 2007/10/19 v1.4h Standard LaTeX file (size option)
)
\c@part=\count79
\c@section=\count80
\c@subsection=\count81
\c@subsubsection=\count82
\c@paragraph=\count83
\c@subparagraph=\count84
\c@figure=\count85
\c@table=\count86
\abovecaptionskip=\skip41
\belowcaptionskip=\skip42
\bibindent=\dimen102
)
(/usr/local/texlive/2014/texmf-dist/tex/latex/preprint/fullpage.sty
Package: fullpage 1999/02/23 1.1 (PWD)
\FP@margin=\skip43
)
(/usr/local/texlive/2014/texmf-dist/tex/latex/url/url.sty
\Urlmuskip=\muskip10
Package: url 2013/09/16  ver 3.4  Verb mode for urls, etc.
)
(/usr/local/texlive/2014/texmf-dist/tex/latex/mh/mathtools.sty
Package: mathtools 2014/05/21 v1.14 mathematical typesetting tools

(/usr/local/texlive/2014/texmf-dist/tex/latex/graphics/keyval.sty
Package: keyval 2014/05/08 v1.15 key=value parser (DPC)
\KV@toks@=\toks14
)
(/usr/local/texlive/2014/texmf-dist/tex/latex/tools/calc.sty
Package: calc 2007/08/22 v4.3 Infix arithmetic (KKT,FJ)
\calc@Acount=\count87
\calc@Bcount=\count88
\calc@Adimen=\dimen103
\calc@Bdimen=\dimen104
\calc@Askip=\skip44
\calc@Bskip=\skip45
LaTeX Info: Redefining \setlength on input line 75.
LaTeX Info: Redefining \addtolength on input line 76.
\calc@Ccount=\count89
\calc@Cskip=\skip46
)
(/usr/local/texlive/2014/texmf-dist/tex/latex/mh/mhsetup.sty
Package: mhsetup 2010/01/21 v1.2a programming setup (MH)
)
(/usr/local/texlive/2014/texmf-dist/tex/latex/amsmath/amsmath.sty
Package: amsmath 2013/01/14 v2.14 AMS math features
\@mathmargin=\skip47

For additional information on amsmath, use the `?' option.
(/usr/local/texlive/2014/texmf-dist/tex/latex/amsmath/amstext.sty
Package: amstext 2000/06/29 v2.01

(/usr/local/texlive/2014/texmf-dist/tex/latex/amsmath/amsgen.sty
File: amsgen.sty 1999/11/30 v2.0
\@emptytoks=\toks15
\ex@=\dimen105
))
(/usr/local/texlive/2014/texmf-dist/tex/latex/amsmath/amsbsy.sty
Package: amsbsy 1999/11/29 v1.2d
\pmbraise@=\dimen106
)
(/usr/local/texlive/2014/texmf-dist/tex/latex/amsmath/amsopn.sty
Package: amsopn 1999/12/14 v2.01 operator names
)
\inf@bad=\count90
LaTeX Info: Redefining \frac on input line 210.
\uproot@=\count91
\leftroot@=\count92
LaTeX Info: Redefining \overline on input line 306.
\classnum@=\count93
\DOTSCASE@=\count94
LaTeX Info: Redefining \ldots on input line 378.
LaTeX Info: Redefining \dots on input line 381.
LaTeX Info: Redefining \cdots on input line 466.
\Mathstrutbox@=\box26
\strutbox@=\box27
\big@size=\dimen107
LaTeX Font Info:    Redeclaring font encoding OML on input line 566.
LaTeX Font Info:    Redeclaring font encoding OMS on input line 567.
\macc@depth=\count95
\c@MaxMatrixCols=\count96
\dotsspace@=\muskip11
\c@parentequation=\count97
\dspbrk@lvl=\count98
\tag@help=\toks16
\row@=\count99
\column@=\count100
\maxfields@=\count101
\andhelp@=\toks17
\eqnshift@=\dimen108
\alignsep@=\dimen109
\tagshift@=\dimen110
\tagwidth@=\dimen111
\totwidth@=\dimen112
\lineht@=\dimen113
\@envbody=\toks18
\multlinegap=\skip48
\multlinetaggap=\skip49
\mathdisplay@stack=\toks19
LaTeX Info: Redefining \[ on input line 2665.
LaTeX Info: Redefining \] on input line 2666.
)
LaTeX Info: Thecontrolsequence`\['isalreadyrobust on input line 129.
LaTeX Info: Thecontrolsequence`\]'isalreadyrobust on input line 129.
\g_MT_multlinerow_int=\count102
\l_MT_multwidth_dim=\dimen114
\origjot=\skip50
\l_MT_shortvdotswithinadjustabove_dim=\dimen115
\l_MT_shortvdotswithinadjustbelow_dim=\dimen116
\l_MT_above_intertext_sep=\dimen117
\l_MT_below_intertext_sep=\dimen118
\l_MT_above_shortintertext_sep=\dimen119
\l_MT_below_shortintertext_sep=\dimen120
)
(/usr/local/texlive/2014/texmf-dist/tex/latex/graphics/graphicx.sty
Package: graphicx 2014/04/25 v1.0g Enhanced LaTeX Graphics (DPC,SPQR)

(/usr/local/texlive/2014/texmf-dist/tex/latex/graphics/graphics.sty
Package: graphics 2009/02/05 v1.0o Standard LaTeX Graphics (DPC,SPQR)

(/usr/local/texlive/2014/texmf-dist/tex/latex/graphics/trig.sty
Package: trig 1999/03/16 v1.09 sin cos tan (DPC)
)
(/usr/local/texlive/2014/texmf-dist/tex/latex/latexconfig/graphics.cfg
File: graphics.cfg 2010/04/23 v1.9 graphics configuration of TeX Live
)
Package graphics Info: Driver file: pdftex.def on input line 91.

(/usr/local/texlive/2014/texmf-dist/tex/latex/pdftex-def/pdftex.def
File: pdftex.def 2011/05/27 v0.06d Graphics/color for pdfTeX

(/usr/local/texlive/2014/texmf-dist/tex/generic/oberdiek/infwarerr.sty
Package: infwarerr 2010/04/08 v1.3 Providing info/warning/error messages (HO)
)
(/usr/local/texlive/2014/texmf-dist/tex/generic/oberdiek/ltxcmds.sty
Package: ltxcmds 2011/11/09 v1.22 LaTeX kernel commands for general use (HO)
)
\Gread@gobject=\count103
))
\Gin@req@height=\dimen121
\Gin@req@width=\dimen122
)
(/usr/local/texlive/2014/texmf-dist/tex/latex/listings/listings.sty
\lst@mode=\count104
\lst@gtempboxa=\box28
\lst@token=\toks20
\lst@length=\count105
\lst@currlwidth=\dimen123
\lst@column=\count106
\lst@pos=\count107
\lst@lostspace=\dimen124
\lst@width=\dimen125
\lst@newlines=\count108
\lst@lineno=\count109
\lst@maxwidth=\dimen126

(/usr/local/texlive/2014/texmf-dist/tex/latex/listings/lstmisc.sty
File: lstmisc.sty 2014/03/04 1.5c (Carsten Heinz)
\c@lstnumber=\count110
\lst@skipnumbers=\count111
\lst@framebox=\box29
)
(/usr/local/texlive/2014/texmf-dist/tex/latex/listings/listings.cfg
File: listings.cfg 2014/03/04 1.5c listings configuration
))
Package: listings 2014/03/04 1.5c (Carsten Heinz)

(/usr/local/texlive/2014/texmf-dist/tex/latex/graphics/color.sty
Package: color 2014/04/23 v1.1a Standard LaTeX Color (DPC)

(/usr/local/texlive/2014/texmf-dist/tex/latex/latexconfig/color.cfg
File: color.cfg 2007/01/18 v1.5 color configuration of teTeX/TeXLive
)
Package color Info: Driver file: pdftex.def on input line 137.
)
(./hw2.aux

LaTeX Warning: Label `eq:simple' multiply defined.


LaTeX Warning: Label `eq:simple' multiply defined.


LaTeX Warning: Label `eq:simple' multiply defined.


LaTeX Warning: Label `eq:simple' multiply defined.


LaTeX Warning: Label `eq:simple' multiply defined.


LaTeX Warning: Label `eq:simple' multiply defined.

)
\openout1 = `hw2.aux'.

LaTeX Font Info:    Checking defaults for OML/cmm/m/it on input line 30.
LaTeX Font Info:    ... okay on input line 30.
LaTeX Font Info:    Checking defaults for T1/cmr/m/n on input line 30.
LaTeX Font Info:    ... okay on input line 30.
LaTeX Font Info:    Checking defaults for OT1/cmr/m/n on input line 30.
LaTeX Font Info:    ... okay on input line 30.
LaTeX Font Info:    Checking defaults for OMS/cmsy/m/n on input line 30.
LaTeX Font Info:    ... okay on input line 30.
LaTeX Font Info:    Checking defaults for OMX/cmex/m/n on input line 30.
LaTeX Font Info:    ... okay on input line 30.
LaTeX Font Info:    Checking defaults for U/cmr/m/n on input line 30.
LaTeX Font Info:    ... okay on input line 30.
 (/usr/local/texlive/2014/texmf-dist/tex/context/base/supp-pdf.mkii
[Loading MPS to PDF converter (version 2006.09.02).]
\scratchcounter=\count112
\scratchdimen=\dimen127
\scratchbox=\box30
\nofMPsegments=\count113
\nofMParguments=\count114
\everyMPshowfont=\toks21
\MPscratchCnt=\count115
\MPscratchDim=\dimen128
\MPnumerator=\count116
\makeMPintoPDFobject=\count117
\everyMPtoPDFconversion=\toks22
) (/usr/local/texlive/2014/texmf-dist/tex/generic/oberdiek/pdftexcmds.sty
Package: pdftexcmds 2011/11/29 v0.20 Utility functions of pdfTeX for LuaTeX (HO
)

(/usr/local/texlive/2014/texmf-dist/tex/generic/oberdiek/ifluatex.sty
Package: ifluatex 2010/03/01 v1.3 Provides the ifluatex switch (HO)
Package ifluatex Info: LuaTeX not detected.
)
(/usr/local/texlive/2014/texmf-dist/tex/generic/oberdiek/ifpdf.sty
Package: ifpdf 2011/01/30 v2.3 Provides the ifpdf switch (HO)
Package ifpdf Info: pdfTeX in PDF mode is detected.
)
Package pdftexcmds Info: LuaTeX not detected.
Package pdftexcmds Info: \pdf@primitive is available.
Package pdftexcmds Info: \pdf@ifprimitive is available.
Package pdftexcmds Info: \pdfdraftmode found.
)
(/usr/local/texlive/2014/texmf-dist/tex/latex/oberdiek/epstopdf-base.sty
Package: epstopdf-base 2010/02/09 v2.5 Base part for package epstopdf

(/usr/local/texlive/2014/texmf-dist/tex/latex/oberdiek/grfext.sty
Package: grfext 2010/08/19 v1.1 Manage graphics extensions (HO)

(/usr/local/texlive/2014/texmf-dist/tex/generic/oberdiek/kvdefinekeys.sty
Package: kvdefinekeys 2011/04/07 v1.3 Define keys (HO)
))
(/usr/local/texlive/2014/texmf-dist/tex/latex/oberdiek/kvoptions.sty
Package: kvoptions 2011/06/30 v3.11 Key value format for package options (HO)

(/usr/local/texlive/2014/texmf-dist/tex/generic/oberdiek/kvsetkeys.sty
Package: kvsetkeys 2012/04/25 v1.16 Key value parser (HO)

(/usr/local/texlive/2014/texmf-dist/tex/generic/oberdiek/etexcmds.sty
Package: etexcmds 2011/02/16 v1.5 Avoid name clashes with e-TeX commands (HO)
Package etexcmds Info: Could not find \expanded.
(etexcmds)             That can mean that you are not using pdfTeX 1.50 or
(etexcmds)             that some package has redefined \expanded.
(etexcmds)             In the latter case, load this package earlier.
)))
Package grfext Info: Graphics extension search list:
(grfext)             [.png,.pdf,.jpg,.mps,.jpeg,.jbig2,.jb2,.PNG,.PDF,.JPG,.JPE
G,.JBIG2,.JB2,.eps]
(grfext)             \AppendGraphicsExtensions on input line 452.

(/usr/local/texlive/2014/texmf-dist/tex/latex/latexconfig/epstopdf-sys.cfg
File: epstopdf-sys.cfg 2010/07/13 v1.3 Configuration of (r)epstopdf for TeX Liv
e
))
\c@lstlisting=\count118

Overfull \hbox (28.16042pt too wide) in paragraph at lines 57--60
\OT1/cmr/m/n/14.4 Col-lab-o-ra-tors: $[]$ 
 []


Underfull \hbox (badness 10000) in paragraph at lines 57--60

 []

[1

{/usr/local/texlive/2014/texmf-var/fonts/map/pdftex/updmap/pdftex.map}]
Underfull \hbox (badness 10000) in paragraph at lines 78--79

 []


Underfull \hbox (badness 10000) in paragraph at lines 86--87

 []


Underfull \hbox (badness 10000) in paragraph at lines 106--107

 []


Overfull \hbox (16.43236pt too wide) detected at line 130
[] \OMS/cmsy/m/n/14.4 ^^B [] \OT1/cmr/m/n/14.4 = []
 []


Overfull \hbox (12.42302pt too wide) detected at line 153
[] \OMS/cmsy/m/n/14.4 ^^B [] \OT1/cmr/m/n/14.4 = []
 []

[2]
Underfull \hbox (badness 10000) in paragraph at lines 153--154

 []


Underfull \hbox (badness 10000) in paragraph at lines 155--156

 []

[3]
Underfull \hbox (badness 10000) in paragraph at lines 181--182

 []

[4]
Underfull \hbox (badness 10000) in paragraph at lines 187--189

 []


Underfull \hbox (badness 10000) in paragraph at lines 190--191

 []


Underfull \hbox (badness 10000) in paragraph at lines 192--193

 []

[5]
Underfull \hbox (badness 10000) in paragraph at lines 211--219

 []


Underfull \hbox (badness 10000) in paragraph at lines 211--219

 []

<q1cc.png, id=28, 395.4775pt x 282.05376pt>
File: q1cc.png Graphic file (type png)
 <use q1cc.png>
Package pdftex.def Info: q1cc.png used on input line 220.
(pdftex.def)             Requested size: 395.47653pt x 282.05305pt.

Underfull \hbox (badness 10000) in paragraph at lines 220--221

 []

[6] [7 <./q1cc.png>]
Underfull \hbox (badness 10000) in paragraph at lines 228--229

 []


Underfull \hbox (badness 10000) in paragraph at lines 230--236

 []


Underfull \hbox (badness 10000) in paragraph at lines 237--238

 []


Underfull \hbox (badness 10000) in paragraph at lines 239--245

 []

LaTeX Font Info:    Try loading font information for OMS+cmr on input line 248.

(/usr/local/texlive/2014/texmf-dist/tex/latex/base/omscmr.fd
File: omscmr.fd 1999/05/25 v2.5h Standard LaTeX font definitions
)
LaTeX Font Info:    Font shape `OMS/cmr/m/n' in size <14.4> not available
(Font)              Font shape `OMS/cmsy/m/n' tried instead on input line 248.

Underfull \hbox (badness 10000) in paragraph at lines 252--254

 []


Underfull \hbox (badness 10000) in paragraph at lines 255--259

 []

[8]
Underfull \hbox (badness 10000) in paragraph at lines 260--261

 []


Underfull \hbox (badness 10000) in paragraph at lines 262--263

 []


Underfull \hbox (badness 10000) in paragraph at lines 265--266

 []


Underfull \hbox (badness 10000) in paragraph at lines 269--273

 []


Underfull \hbox (badness 10000) in paragraph at lines 275--276

 []

[9] [10]
Underfull \hbox (badness 10000) in paragraph at lines 296--297

 []


Underfull \hbox (badness 10000) in paragraph at lines 299--300

 []

[11]
Underfull \hbox (badness 10000) in paragraph at lines 321--322

 []


Underfull \hbox (badness 10000) in paragraph at lines 324--325

 []

[12] <q2err.png, id=55, 642.4pt x 481.8pt>
File: q2err.png Graphic file (type png)
 <use q2err.png>
Package pdftex.def Info: q2err.png used on input line 335.
(pdftex.def)             Requested size: 513.9207pt x 385.4405pt.

Overfull \hbox (44.16568pt too wide) in paragraph at lines 335--336
[] 
 []


Underfull \hbox (badness 10000) in paragraph at lines 337--338

 []

[13 <./q2err.png>]
Underfull \hbox (badness 10000) in paragraph at lines 362--363

 []

[14]
Overfull \hbox (62.10815pt too wide) detected at line 382
\OMS/cmsy/m/n/14.4 ^^@jj\OML/cmm/m/it/14.4 x[]\OMS/cmsy/m/n/14.4 jj[] ^^@ jj\OM
L/cmm/m/it/14.4 c\OT1/cmr/m/n/14.4 (\OML/cmm/m/it/14.4 S\OT1/cmr/m/n/14.4 )\OMS
/cmsy/m/n/14.4 jj[] \OT1/cmr/m/n/14.4 + 2\OML/cmm/m/it/14.4 x[]:c\OT1/cmr/m/n/1
4.4 (\OML/cmm/m/it/14.4 S\OT1/cmr/m/n/14.4 ) \OMS/cmsy/m/n/14.4 ^^@ jj\OML/cmm/
m/it/14.4 x[]\OMS/cmsy/m/n/14.4 jj[] ^^@ jj\OML/cmm/m/it/14.4 c\OT1/cmr/m/n/14.
4 (\OML/cmm/m/it/14.4 S\OT1/cmr/m/n/14.4 )\OMS/cmsy/m/n/14.4 jj[] \OT1/cmr/m/n/
14.4 + 2\OML/cmm/m/it/14.4 x[]:c\OT1/cmr/m/n/14.4 (\OML/cmm/m/it/14.4 S\OT1/cmr
/m/n/14.4 ) + [] \OMS/cmsy/m/n/14.4 ^^@ jj\OML/cmm/m/it/14.4 x[]\OMS/cmsy/m/n/1
4.4 jj[] ^^@ jj\OML/cmm/m/it/14.4 c\OT1/cmr/m/n/14.4 (\OML/cmm/m/it/14.4 S\OT1/
cmr/m/n/14.4 )\OMS/cmsy/m/n/14.4 jj[] \OT1/cmr/m/n/14.4 + 2\OML/cmm/m/it/14.4 x
[]:c\OT1/cmr/m/n/14.4 (\OML/cmm/m/it/14.4 S\OT1/cmr/m/n/14.4 )
 []

[15]
Underfull \hbox (badness 10000) in paragraph at lines 421--422

 []


Underfull \hbox (badness 10000) in paragraph at lines 423--424

 []


Overfull \hbox (46.29416pt too wide) in paragraph at lines 425--426
[]\OT1/cmr/m/n/14.4 Let $\OML/cmm/m/it/14.4 Cost\OT1/cmr/m/n/14.4 (\OML/cmm/m/i
t/14.4 C[]; C[] [] C[]; c[]; c[] [] c[]\OT1/cmr/m/n/14.4 )$ rep-re-sent the cos
t while us-ing clus-ters $\OML/cmm/m/it/14.4 C[]; C[] [] C[]$
 []


Underfull \hbox (badness 10000) in paragraph at lines 425--426

 []


Overfull \hbox (53.7375pt too wide) detected at line 437
[] []
 []

[16]
Underfull \hbox (badness 10000) in paragraph at lines 439--440

 []


Underfull \hbox (badness 10000) in paragraph at lines 449--450

 []

[17]
Underfull \hbox (badness 10000) in paragraph at lines 457--458

 []


Overfull \hbox (46.29416pt too wide) in paragraph at lines 459--460
[]\OT1/cmr/m/n/14.4 Let $\OML/cmm/m/it/14.4 Cost\OT1/cmr/m/n/14.4 (\OML/cmm/m/i
t/14.4 C[]; C[] [] C[]; c[]; c[] [] c[]\OT1/cmr/m/n/14.4 )$ rep-re-sent the cos
t while us-ing clus-ters $\OML/cmm/m/it/14.4 C[]; C[] [] C[]$
 []


Underfull \hbox (badness 10000) in paragraph at lines 459--460

 []


Underfull \hbox (badness 10000) in paragraph at lines 468--469

 []


Overfull \hbox (26.36244pt too wide) detected at line 476
[] []
 []

[18]
Underfull \hbox (badness 10000) in paragraph at lines 490--491

 []


Overfull \hbox (51.11346pt too wide) in paragraph at lines 492--493
[]\OT1/cmr/m/n/14.4 Extending the same logic as above, we can ar-gue that $[]$
 []

[19]
Underfull \hbox (badness 10000) in paragraph at lines 504--506

 []

<q3_1.png, id=80, 510.85857pt x 339.21732pt>
File: q3_1.png Graphic file (type png)
 <use q3_1.png>
Package pdftex.def Info: q3_1.png used on input line 509.
(pdftex.def)             Requested size: 408.68741pt x 271.3742pt.

Underfull \hbox (badness 10000) in paragraph at lines 508--510

 []

<q3_2.png, id=81, 510.85857pt x 341.02406pt>
File: q3_2.png Graphic file (type png)
 <use q3_2.png>
Package pdftex.def Info: q3_2.png used on input line 513.
(pdftex.def)             Requested size: 408.68741pt x 272.81961pt.

Underfull \hbox (badness 10000) in paragraph at lines 513--514

 []

[20 <./q3_1.png>] <q3_3.png, id=86, 510.85857pt x 341.02406pt>
File: q3_3.png Graphic file (type png)
 <use q3_3.png>
Package pdftex.def Info: q3_3.png used on input line 516.
(pdftex.def)             Requested size: 408.68741pt x 272.81961pt.

Underfull \hbox (badness 10000) in paragraph at lines 515--517

 []

[21 <./q3_2.png> <./q3_3.png>]
Underfull \hbox (badness 10000) in paragraph at lines 518--519

 []


Underfull \hbox (badness 10000) in paragraph at lines 520--524

 []


Underfull \hbox (badness 10000) in paragraph at lines 525--526

 []

[22]
Underfull \hbox (badness 10000) in paragraph at lines 547--548

 []

[23] [24] <q4err.png, id=101, 380.42125pt x 282.05376pt>
File: q4err.png Graphic file (type png)
 <use q4err.png>
Package pdftex.def Info: q4err.png used on input line 557.
(pdftex.def)             Requested size: 380.4203pt x 282.05305pt.

[25 <./q4err.png>]
Underfull \hbox (badness 10000) in paragraph at lines 564--565

 []


Underfull \hbox (badness 10000) in paragraph at lines 566--567

 []


Underfull \hbox (badness 10000) in paragraph at lines 568--569

 []


Underfull \hbox (badness 10000) in paragraph at lines 570--571

 []


Underfull \hbox (badness 10000) in paragraph at lines 572--573

 []

[26]
Underfull \hbox (badness 10000) in paragraph at lines 579--580

 []

[27] (/usr/local/texlive/2014/texmf-dist/tex/latex/listings/lstlang1.sty
File: lstlang1.sty 2014/03/04 1.5c listings language file
)
(./submission/snap/priyankm_hw2_q1.txt [28] [29] [30]) [31]
(/usr/local/texlive/2014/texmf-dist/tex/latex/listings/lstlang1.sty
File: lstlang1.sty 2014/03/04 1.5c listings language file
)
(./submission/snap/priyankm_hw2_q2.txt [32]) [33]
(/usr/local/texlive/2014/texmf-dist/tex/latex/listings/lstlang1.sty
File: lstlang1.sty 2014/03/04 1.5c listings language file
)
(./submission/snap/priyankm_hw2_q4.txt [34] [35] [36] [37] [38] [39]) [40]
(./hw2.aux)

LaTeX Warning: There were multiply-defined labels.

 )
(\end occurred inside a group at level 1)

### simple group (level 1) entered at line 40 ({)
### bottom level 
Here is how much of TeX's memory you used:
 4981 strings out of 493117
 69489 string characters out of 6135433
 201362 words of memory out of 5000000
 8378 multiletter control sequences out of 15000+600000
 7631 words of font info for 28 fonts, out of 8000000 for 9000
 1141 hyphenation exceptions out of 8191
 38i,8n,43p,1259b,2123s stack positions out of 5000i,500n,10000p,200000b,80000s
</usr/local/texlive/2014/texmf-dist/fonts/type1/public/amsfonts
/cm/cmbx12.pfb></usr/local/texlive/2014/texmf-dist/fonts/type1/public/amsfonts/
cm/cmex10.pfb></usr/local/texlive/2014/texmf-dist/fonts/type1/public/amsfonts/c
m/cmmi10.pfb></usr/local/texlive/2014/texmf-dist/fonts/type1/public/amsfonts/cm
/cmmi12.pfb></usr/local/texlive/2014/texmf-dist/fonts/type1/public/amsfonts/cm/
cmmi7.pfb></usr/local/texlive/2014/texmf-dist/fonts/type1/public/amsfonts/cm/cm
r10.pfb></usr/local/texlive/2014/texmf-dist/fonts/type1/public/amsfonts/cm/cmr1
2.pfb></usr/local/texlive/2014/texmf-dist/fonts/type1/public/amsfonts/cm/cmr7.p
fb></usr/local/texlive/2014/texmf-dist/fonts/type1/public/amsfonts/cm/cmssbx10.
pfb></usr/local/texlive/2014/texmf-dist/fonts/type1/public/amsfonts/cm/cmsy10.p
fb></usr/local/texlive/2014/texmf-dist/fonts/type1/public/amsfonts/cm/cmti12.pf
b></usr/local/texlive/2014/texmf-dist/fonts/type1/public/amsfonts/cm/cmtt10.pfb
>
Output written on hw2.pdf (40 pages, 250840 bytes).
PDF statistics:
 199 PDF objects out of 1000 (max. 8388607)
 130 compressed objects within 2 object streams
 0 named destinations out of 1000 (max. 500000)
 43 words of extra memory for PDF output out of 10000 (max. 10000000)

